2026-02-18 10:53:42.043 [clientOutboundChannel-1] DEBUG c.c.c.ChatWebSocketController - WebSocket connection established: session=depfwhr3
2026-02-18 10:53:42.077 [clientInboundChannel-16] INFO  c.c.c.ChatWebSocketController - User joining chat: alice (session: depfwhr3)
2026-02-18 10:53:42.194 [clientInboundChannel-16] DEBUG c.c.c.ChatWebSocketController - Online users broadcast: 1 users
2026-02-18 10:53:42.197 [clientInboundChannel-16] INFO  c.c.c.ChatWebSocketController - User alice joined successfully
2026-02-18 10:54:06.636 [clientOutboundChannel-5] DEBUG c.c.c.ChatWebSocketController - WebSocket connection established: session=z0bacmcm
2026-02-18 10:54:06.645 [clientInboundChannel-12] INFO  c.c.c.ChatWebSocketController - User joining chat: bob (session: z0bacmcm)
2026-02-18 10:54:06.689 [clientInboundChannel-12] DEBUG c.c.c.ChatWebSocketController - Online users broadcast: 2 users
2026-02-18 10:54:06.694 [clientInboundChannel-12] INFO  c.c.c.ChatWebSocketController - User bob joined successfully
2026-02-18 10:54:12.671 [clientInboundChannel-7] DEBUG c.c.c.ChatWebSocketController - Group message received from: alice (session: depfwhr3)
2026-02-18 10:54:12.717 [clientInboundChannel-7] INFO  c.c.c.ChatWebSocketController - Group message processed: id=3, from=alice
2026-02-18 10:54:21.508 [clientInboundChannel-13] DEBUG c.c.c.ChatWebSocketController - Group message received from: bob (session: z0bacmcm)
2026-02-18 10:54:21.525 [clientInboundChannel-13] INFO  c.c.c.ChatWebSocketController - Group message processed: id=4, from=bob
2026-02-18 10:54:28.271 [clientInboundChannel-3] DEBUG c.c.c.ChatWebSocketController - Group message received from: alice (session: depfwhr3)
2026-02-18 10:54:28.291 [clientInboundChannel-3] INFO  c.c.c.ChatWebSocketController - Group message processed: id=5, from=alice
2026-02-18 10:54:32.925 [http-nio-8080-exec-7] INFO  c.c.c.ChatWebSocketController - WebSocket disconnected: session=z0bacmcm
2026-02-18 10:54:32.941 [http-nio-8080-exec-7] INFO  c.c.c.ChatWebSocketController - User disconnected: bob
2026-02-18 10:54:32.949 [http-nio-8080-exec-7] DEBUG c.c.c.ChatWebSocketController - Online users broadcast: 1 users
2026-02-18 10:54:32.975 [clientOutboundChannel-8] DEBUG c.c.c.ChatWebSocketController - WebSocket connection established: session=tqissdcx
2026-02-18 10:54:32.982 [clientInboundChannel-15] INFO  c.c.c.ChatWebSocketController - User joining chat: bob (session: tqissdcx)
2026-02-18 10:54:33.006 [clientInboundChannel-15] DEBUG c.c.c.ChatWebSocketController - Online users broadcast: 2 users
2026-02-18 10:54:33.007 [clientInboundChannel-15] INFO  c.c.c.ChatWebSocketController - User bob joined successfully
2026-02-18 10:54:35.952 [http-nio-8080-exec-5] INFO  c.c.c.ChatWebSocketController - WebSocket disconnected: session=depfwhr3
2026-02-18 10:54:35.968 [http-nio-8080-exec-5] INFO  c.c.c.ChatWebSocketController - User disconnected: alice
2026-02-18 10:54:35.985 [http-nio-8080-exec-5] DEBUG c.c.c.ChatWebSocketController - Online users broadcast: 1 users
2026-02-18 10:54:35.991 [clientOutboundChannel-7] DEBUG c.c.c.ChatWebSocketController - WebSocket connection established: session=re1pp5es
2026-02-18 10:54:35.998 [clientInboundChannel-9] INFO  c.c.c.ChatWebSocketController - User joining chat: alice (session: re1pp5es)
2026-02-18 10:54:36.020 [clientInboundChannel-9] DEBUG c.c.c.ChatWebSocketController - Online users broadcast: 2 users
2026-02-18 10:54:36.023 [clientInboundChannel-9] INFO  c.c.c.ChatWebSocketController - User alice joined successfully
2026-02-18 10:56:32.385 [clientInboundChannel-30] DEBUG c.c.c.ChatWebSocketController - Group message received from: bob (session: tqissdcx)
2026-02-18 10:56:32.405 [clientInboundChannel-30] INFO  c.c.c.ChatWebSocketController - Group message processed: id=7, from=bob
2026-02-18 10:56:46.241 [http-nio-8080-exec-7] INFO  c.c.c.ChatWebSocketController - WebSocket disconnected: session=re1pp5es
2026-02-18 10:56:46.270 [http-nio-8080-exec-7] INFO  c.c.c.ChatWebSocketController - User disconnected: alice
2026-02-18 10:56:46.277 [clientOutboundChannel-28] DEBUG c.c.c.ChatWebSocketController - WebSocket connection established: session=y0o1eqvw
2026-02-18 10:56:46.277 [http-nio-8080-exec-7] DEBUG c.c.c.ChatWebSocketController - Online users broadcast: 1 users
2026-02-18 10:56:46.277 [clientInboundChannel-32] INFO  c.c.c.ChatWebSocketController - User joining chat: alice (session: y0o1eqvw)
2026-02-18 10:56:46.306 [clientInboundChannel-32] DEBUG c.c.c.ChatWebSocketController - Online users broadcast: 2 users
2026-02-18 10:56:46.306 [clientInboundChannel-32] INFO  c.c.c.ChatWebSocketController - User alice joined successfully
2026-02-18 10:56:48.814 [http-nio-8080-exec-6] INFO  c.c.c.ChatWebSocketController - WebSocket disconnected: session=tqissdcx
2026-02-18 10:56:48.827 [http-nio-8080-exec-6] INFO  c.c.c.ChatWebSocketController - User disconnected: bob
2026-02-18 10:56:48.842 [http-nio-8080-exec-6] DEBUG c.c.c.ChatWebSocketController - Online users broadcast: 1 users
2026-02-18 10:56:48.865 [clientOutboundChannel-32] DEBUG c.c.c.ChatWebSocketController - WebSocket connection established: session=gzr3ptcn
2026-02-18 10:56:48.874 [clientInboundChannel-29] INFO  c.c.c.ChatWebSocketController - User joining chat: bob (session: gzr3ptcn)
2026-02-18 10:56:48.896 [clientInboundChannel-29] DEBUG c.c.c.ChatWebSocketController - Online users broadcast: 2 users
2026-02-18 10:56:48.897 [clientInboundChannel-29] INFO  c.c.c.ChatWebSocketController - User bob joined successfully
2026-02-18 10:57:20.015 [clientInboundChannel-27] DEBUG c.c.c.ChatWebSocketController - Private message from: alice to: bob
2026-02-18 10:57:20.032 [clientInboundChannel-27] INFO  c.c.c.ChatWebSocketController - Private message processed: id=8, from=alice, to=bob
2026-02-18 10:57:39.426 [clientInboundChannel-31] DEBUG c.c.c.ChatWebSocketController - Private message from: bob to: alice
2026-02-18 10:57:39.443 [clientInboundChannel-31] INFO  c.c.c.ChatWebSocketController - Private message processed: id=9, from=bob, to=alice
2026-02-18 10:58:11.736 [clientOutboundChannel-37] DEBUG c.c.c.ChatWebSocketController - WebSocket connection established: session=2idzc2fn
2026-02-18 10:58:11.741 [clientInboundChannel-27] INFO  c.c.c.ChatWebSocketController - User joining chat: charlie (session: 2idzc2fn)
2026-02-18 10:58:11.764 [clientInboundChannel-27] DEBUG c.c.c.ChatWebSocketController - Online users broadcast: 3 users
2026-02-18 10:58:11.766 [clientInboundChannel-27] INFO  c.c.c.ChatWebSocketController - User charlie joined successfully
2026-02-18 10:58:23.680 [http-nio-8080-exec-9] INFO  c.c.c.ChatWebSocketController - WebSocket disconnected: session=y0o1eqvw
2026-02-18 10:58:23.697 [http-nio-8080-exec-9] INFO  c.c.c.ChatWebSocketController - User disconnected: alice
2026-02-18 10:58:23.701 [http-nio-8080-exec-9] DEBUG c.c.c.ChatWebSocketController - Online users broadcast: 2 users
2026-02-18 10:58:24.348 [http-nio-8080-exec-3] INFO  c.c.c.ChatWebSocketController - WebSocket disconnected: session=2idzc2fn
2026-02-18 10:58:24.364 [http-nio-8080-exec-3] INFO  c.c.c.ChatWebSocketController - User disconnected: charlie
2026-02-18 10:58:24.371 [http-nio-8080-exec-3] DEBUG c.c.c.ChatWebSocketController - Online users broadcast: 1 users
2026-02-18 10:58:27.590 [http-nio-8080-exec-7] INFO  c.c.c.ChatWebSocketController - WebSocket disconnected: session=gzr3ptcn
2026-02-18 10:58:27.599 [http-nio-8080-exec-7] INFO  c.c.c.ChatWebSocketController - User disconnected: bob
2026-02-18 10:58:27.611 [http-nio-8080-exec-7] DEBUG c.c.c.ChatWebSocketController - Online users broadcast: 0 users
