2026-02-17 18:55:27.158 [background-preinit] INFO  o.h.validator.internal.util.Version - HV000001: Hibernate Validator 8.0.1.Final
2026-02-17 18:55:27.232 [restartedMain] INFO  com.chatapp.ChatApplication - Starting ChatApplication using Java 21.0.8 with PID 13876 (X:\springboot-chat\target\classes started by ashut in X:\springboot-chat)
2026-02-17 18:55:27.233 [restartedMain] DEBUG com.chatapp.ChatApplication - Running with Spring Boot v3.2.3, Spring v6.1.4
2026-02-17 18:55:27.234 [restartedMain] INFO  com.chatapp.ChatApplication - No active profile set, falling back to 1 default profile: "default"
2026-02-17 18:55:27.301 [restartedMain] INFO  o.s.b.d.e.DevToolsPropertyDefaultsPostProcessor - Devtools property defaults active! Set 'spring.devtools.add-properties' to 'false' to disable
2026-02-17 18:55:27.302 [restartedMain] INFO  o.s.b.d.e.DevToolsPropertyDefaultsPostProcessor - For additional web related logging consider setting the 'logging.level.web' property to 'DEBUG'
2026-02-17 18:55:28.458 [restartedMain] INFO  o.s.d.r.c.RepositoryConfigurationDelegate - Bootstrapping Spring Data JPA repositories in DEFAULT mode.
2026-02-17 18:55:28.548 [restartedMain] INFO  o.s.d.r.c.RepositoryConfigurationDelegate - Finished Spring Data repository scanning in 78 ms. Found 2 JPA repository interfaces.
2026-02-17 18:55:29.914 [restartedMain] INFO  o.s.b.w.e.tomcat.TomcatWebServer - Tomcat initialized with port 8080 (http)
2026-02-17 18:55:29.936 [restartedMain] INFO  o.a.coyote.http11.Http11NioProtocol - Initializing ProtocolHandler ["http-nio-8080"]
2026-02-17 18:55:29.940 [restartedMain] INFO  o.a.catalina.core.StandardService - Starting service [Tomcat]
2026-02-17 18:55:29.941 [restartedMain] INFO  o.a.catalina.core.StandardEngine - Starting Servlet engine: [Apache Tomcat/10.1.19]
2026-02-17 18:55:30.150 [restartedMain] INFO  o.apache.jasper.servlet.TldScanner - At least one JAR was scanned for TLDs yet contained no TLDs. Enable debug logging for this logger for a complete list of JARs that were scanned but no TLDs were found in them. Skipping unneeded JARs during scanning can improve startup time and JSP compilation time.
2026-02-17 18:55:30.156 [restartedMain] INFO  o.a.c.c.C.[Tomcat].[localhost].[/] - Initializing Spring embedded WebApplicationContext
2026-02-17 18:55:30.157 [restartedMain] INFO  o.s.b.w.s.c.ServletWebServerApplicationContext - Root WebApplicationContext: initialization completed in 2854 ms
2026-02-17 18:55:30.750 [restartedMain] INFO  o.h.jpa.internal.util.LogHelper - HHH000204: Processing PersistenceUnitInfo [name: default]
2026-02-17 18:55:30.860 [restartedMain] INFO  org.hibernate.Version - HHH000412: Hibernate ORM core version 6.4.4.Final
2026-02-17 18:55:30.908 [restartedMain] INFO  o.h.c.i.RegionFactoryInitiator - HHH000026: Second-level cache disabled
2026-02-17 18:55:31.114 [restartedMain] INFO  o.s.o.j.p.SpringPersistenceUnitInfo - No LoadTimeWeaver setup: ignoring JPA class transformer
2026-02-17 18:55:31.158 [restartedMain] INFO  com.zaxxer.hikari.HikariDataSource - ChatHikariPool - Starting...
2026-02-17 18:55:31.490 [restartedMain] INFO  com.zaxxer.hikari.pool.HikariPool - ChatHikariPool - Added connection com.mysql.cj.jdbc.ConnectionImpl@34b40d01
2026-02-17 18:55:31.493 [restartedMain] INFO  com.zaxxer.hikari.HikariDataSource - ChatHikariPool - Start completed.
2026-02-17 18:55:31.565 [restartedMain] WARN  org.hibernate.orm.deprecation - HHH90000025: MySQL8Dialect does not need to be specified explicitly using 'hibernate.dialect' (remove the property setting and it will be selected by default)
2026-02-17 18:55:31.565 [restartedMain] WARN  org.hibernate.orm.deprecation - HHH90000026: MySQL8Dialect has been deprecated; use org.hibernate.dialect.MySQLDialect instead
2026-02-17 18:55:31.592 [restartedMain] DEBUG o.h.t.d.sql.spi.DdlTypeRegistry - addDescriptor(12, org.hibernate.type.descriptor.sql.internal.CapacityDependentDdlType@329a5faa) replaced previous registration(org.hibernate.type.descriptor.sql.internal.CapacityDependentDdlType@5ad5bbaa)
2026-02-17 18:55:31.593 [restartedMain] DEBUG o.h.t.d.sql.spi.DdlTypeRegistry - addDescriptor(-9, org.hibernate.type.descriptor.sql.internal.CapacityDependentDdlType@6ab2aa12) replaced previous registration(org.hibernate.type.descriptor.sql.internal.CapacityDependentDdlType@66ede19e)
2026-02-17 18:55:31.593 [restartedMain] DEBUG o.h.t.d.sql.spi.DdlTypeRegistry - addDescriptor(-3, org.hibernate.type.descriptor.sql.internal.CapacityDependentDdlType@66a85e6) replaced previous registration(org.hibernate.type.descriptor.sql.internal.CapacityDependentDdlType@7195766a)
2026-02-17 18:55:31.593 [restartedMain] DEBUG o.h.t.d.sql.spi.DdlTypeRegistry - addDescriptor(4003, org.hibernate.type.descriptor.sql.internal.DdlTypeImpl@e08a070) replaced previous registration(org.hibernate.type.descriptor.sql.internal.DdlTypeImpl@7e0513e)
2026-02-17 18:55:31.593 [restartedMain] DEBUG o.h.t.d.sql.spi.DdlTypeRegistry - addDescriptor(4001, org.hibernate.type.descriptor.sql.internal.DdlTypeImpl@5577a191) replaced previous registration(org.hibernate.type.descriptor.sql.internal.DdlTypeImpl@f8bbb73)
2026-02-17 18:55:31.593 [restartedMain] DEBUG o.h.t.d.sql.spi.DdlTypeRegistry - addDescriptor(4002, org.hibernate.type.descriptor.sql.internal.DdlTypeImpl@44cb91d2) replaced previous registration(org.hibernate.type.descriptor.sql.internal.DdlTypeImpl@41a751d4)
2026-02-17 18:55:31.594 [restartedMain] DEBUG o.h.t.d.sql.spi.DdlTypeRegistry - addDescriptor(2004, org.hibernate.type.descriptor.sql.internal.CapacityDependentDdlType@29b40b58) replaced previous registration(org.hibernate.type.descriptor.sql.internal.DdlTypeImpl@7bb67d3e)
2026-02-17 18:55:31.594 [restartedMain] DEBUG o.h.t.d.sql.spi.DdlTypeRegistry - addDescriptor(2005, org.hibernate.type.descriptor.sql.internal.CapacityDependentDdlType@63eb369b) replaced previous registration(org.hibernate.type.descriptor.sql.internal.DdlTypeImpl@18b9e2c3)
2026-02-17 18:55:31.594 [restartedMain] DEBUG o.h.t.d.sql.spi.DdlTypeRegistry - addDescriptor(2011, org.hibernate.type.descriptor.sql.internal.CapacityDependentDdlType@11dec447) replaced previous registration(org.hibernate.type.descriptor.sql.internal.DdlTypeImpl@594904cf)
2026-02-17 18:55:32.797 [restartedMain] INFO  o.h.e.t.j.p.i.JtaPlatformInitiator - HHH000489: No JTA platform available (set 'hibernate.transaction.jta.platform' to enable JTA platform integration)
2026-02-17 18:55:32.935 [restartedMain] DEBUG org.hibernate.SQL - 
    alter table users 
       drop index idx_users_username
2026-02-17 18:55:32.982 [restartedMain] DEBUG org.hibernate.SQL - 
    alter table users 
       add constraint idx_users_username unique (username)
2026-02-17 18:55:33.105 [restartedMain] INFO  o.s.o.j.LocalContainerEntityManagerFactoryBean - Initialized JPA EntityManagerFactory for persistence unit 'default'
2026-02-17 18:55:33.558 [restartedMain] INFO  o.s.d.j.r.query.QueryEnhancerFactory - Hibernate is in classpath; If applicable, HQL parser will be used.
2026-02-17 18:55:34.338 [restartedMain] INFO  com.chatapp.config.WebSocketConfig - WebSocket message broker configured. Broker: /topic, /queue | App prefix: /app
2026-02-17 18:55:34.647 [restartedMain] INFO  com.chatapp.config.WebSocketConfig - STOMP endpoint registered at /ws-chat with SockJS fallback
2026-02-17 18:55:34.675 [restartedMain] DEBUG o.s.w.s.s.s.WebSocketHandlerMapping - Patterns [/ws-chat/**] in 'stompWebSocketHandlerMapping'
2026-02-17 18:55:34.823 [restartedMain] INFO  com.chatapp.config.AppConfig - Created upload directory: X:\springboot-chat\uploads\images
2026-02-17 18:55:34.823 [restartedMain] INFO  com.chatapp.config.AppConfig - Resource handler configured: /uploads/** -> X:\springboot-chat\uploads\images
2026-02-17 18:55:34.982 [restartedMain] INFO  o.s.b.a.e.web.EndpointLinksResolver - Exposing 3 endpoint(s) beneath base path '/actuator'
2026-02-17 18:55:35.032 [restartedMain] INFO  com.chatapp.config.SecurityConfig - Security filter chain configured. All chat endpoints are public.
2026-02-17 18:55:35.088 [restartedMain] INFO  o.s.s.web.DefaultSecurityFilterChain - Will secure any request with [org.springframework.security.web.session.DisableEncodeUrlFilter@5810b18d, org.springframework.security.web.context.request.async.WebAsyncManagerIntegrationFilter@77f54a1c, org.springframework.security.web.context.SecurityContextHolderFilter@12eee40a, org.springframework.security.web.header.HeaderWriterFilter@43f83968, org.springframework.web.filter.CorsFilter@3bba148b, org.springframework.security.web.authentication.logout.LogoutFilter@5d85ea23, org.springframework.security.web.authentication.www.BasicAuthenticationFilter@32776c41, org.springframework.security.web.savedrequest.RequestCacheAwareFilter@7431d6eb, org.springframework.security.web.servletapi.SecurityContextHolderAwareRequestFilter@31a96c36, org.springframework.security.web.authentication.AnonymousAuthenticationFilter@cd5d9f7, org.springframework.security.web.access.ExceptionTranslationFilter@5507fde6, org.springframework.security.web.access.intercept.AuthorizationFilter@79d6f865]
2026-02-17 18:55:35.185 [restartedMain] DEBUG o.s.w.s.m.WebSocketAnnotationMethodMessageHandler - 
	c.c.c.ChatRestController:
	
2026-02-17 18:55:35.197 [restartedMain] DEBUG o.s.w.s.m.WebSocketAnnotationMethodMessageHandler - 
	c.c.c.ChatWebSocketController:
	{[MESSAGE],[/chat.join]}: userJoined(UserJoinRequest,SimpMessageHeaderAccessor)
	{[MESSAGE],[/chat.sendGroupMessage]}: sendGroupMessage(SendMessageRequest,SimpMessageHeaderAccessor)
	{[MESSAGE],[/chat.getPrivateHistory]}: getPrivateHistory(PrivateHistoryRequest)
	{[MESSAGE],[/chat.sendPrivateMessage]}: sendPrivateMessage(SendMessageRequest,SimpMessageHeaderAccessor)
2026-02-17 18:55:35.198 [restartedMain] DEBUG o.s.w.s.m.WebSocketAnnotationMethodMessageHandler - 
	c.c.c.ViewController:
	
2026-02-17 18:55:35.199 [restartedMain] DEBUG o.s.w.s.m.WebSocketAnnotationMethodMessageHandler - 
	o.s.b.a.w.s.e.BasicErrorController:
	
2026-02-17 18:55:35.652 [restartedMain] INFO  o.s.b.d.a.OptionalLiveReloadServer - LiveReload server is running on port 35729
2026-02-17 18:55:35.753 [restartedMain] INFO  o.a.coyote.http11.Http11NioProtocol - Starting ProtocolHandler ["http-nio-8080"]
2026-02-17 18:55:35.833 [restartedMain] INFO  o.s.b.w.e.tomcat.TomcatWebServer - Tomcat started on port 8080 (http) with context path ''
2026-02-17 18:55:35.836 [restartedMain] DEBUG o.s.m.s.ExecutorSubscribableChannel - clientOutboundChannel added SubProtocolWebSocketHandler[StompSubProtocolHandler[v10.stomp, v11.stomp, v12.stomp]]
2026-02-17 18:55:35.837 [restartedMain] DEBUG o.s.m.s.ExecutorSubscribableChannel - clientInboundChannel added WebSocketAnnotationMethodMessageHandler[prefixes=[/app/]]
2026-02-17 18:55:35.838 [restartedMain] INFO  o.s.m.s.b.SimpleBrokerMessageHandler - Starting...
2026-02-17 18:55:35.839 [restartedMain] DEBUG o.s.m.s.ExecutorSubscribableChannel - clientInboundChannel added SimpleBrokerMessageHandler [org.springframework.messaging.simp.broker.DefaultSubscriptionRegistry@7ae189a4]
2026-02-17 18:55:35.839 [restartedMain] DEBUG o.s.m.s.ExecutorSubscribableChannel - brokerChannel added SimpleBrokerMessageHandler [org.springframework.messaging.simp.broker.DefaultSubscriptionRegistry@7ae189a4]
2026-02-17 18:55:35.841 [restartedMain] INFO  o.s.m.s.b.SimpleBrokerMessageHandler - BrokerAvailabilityEvent[available=true, SimpleBrokerMessageHandler [org.springframework.messaging.simp.broker.DefaultSubscriptionRegistry@7ae189a4]]
2026-02-17 18:55:35.845 [restartedMain] DEBUG o.s.m.s.ExecutorSubscribableChannel - clientOutboundChannel removed SubProtocolWebSocketHandler[StompSubProtocolHandler[v10.stomp, v11.stomp, v12.stomp]]
2026-02-17 18:55:35.846 [restartedMain] DEBUG o.s.m.s.ExecutorSubscribableChannel - clientInboundChannel removed WebSocketAnnotationMethodMessageHandler[prefixes=[/app/]]
2026-02-17 18:55:35.849 [restartedMain] INFO  o.a.coyote.http11.Http11NioProtocol - Stopping ProtocolHandler ["http-nio-8080"]
2026-02-17 18:55:35.860 [restartedMain] WARN  o.s.b.w.s.c.AnnotationConfigServletWebServerApplicationContext - Exception encountered during context initialization - cancelling refresh attempt: org.springframework.context.ApplicationContextException: Failed to start bean 'simpleBrokerMessageHandler'
2026-02-17 18:55:35.867 [restartedMain] INFO  o.s.o.j.LocalContainerEntityManagerFactoryBean - Closing JPA EntityManagerFactory for persistence unit 'default'
2026-02-17 18:55:35.872 [restartedMain] INFO  com.zaxxer.hikari.HikariDataSource - ChatHikariPool - Shutdown initiated...
2026-02-17 18:55:35.877 [restartedMain] INFO  com.zaxxer.hikari.HikariDataSource - ChatHikariPool - Shutdown completed.
2026-02-17 18:55:35.901 [restartedMain] INFO  o.s.b.a.l.ConditionEvaluationReportLogger - 

Error starting ApplicationContext. To display the condition evaluation report re-run your application with 'debug' enabled.
2026-02-17 18:55:35.922 [restartedMain] ERROR o.s.boot.SpringApplication - Application run failed
org.springframework.context.ApplicationContextException: Failed to start bean 'simpleBrokerMessageHandler'
	at org.springframework.context.support.DefaultLifecycleProcessor.doStart(DefaultLifecycleProcessor.java:291)
	at org.springframework.context.support.DefaultLifecycleProcessor$LifecycleGroup.start(DefaultLifecycleProcessor.java:471)
	at java.base/java.lang.Iterable.forEach(Iterable.java:75)
	at org.springframework.context.support.DefaultLifecycleProcessor.startBeans(DefaultLifecycleProcessor.java:260)
	at org.springframework.context.support.DefaultLifecycleProcessor.onRefresh(DefaultLifecycleProcessor.java:205)
	at org.springframework.context.support.AbstractApplicationContext.finishRefresh(AbstractApplicationContext.java:978)
	at org.springframework.context.support.AbstractApplicationContext.refresh(AbstractApplicationContext.java:627)
	at org.springframework.boot.web.servlet.context.ServletWebServerApplicationContext.refresh(ServletWebServerApplicationContext.java:146)
	at org.springframework.boot.SpringApplication.refresh(SpringApplication.java:754)
	at org.springframework.boot.SpringApplication.refreshContext(SpringApplication.java:456)
	at org.springframework.boot.SpringApplication.run(SpringApplication.java:334)
	at org.springframework.boot.SpringApplication.run(SpringApplication.java:1354)
	at org.springframework.boot.SpringApplication.run(SpringApplication.java:1343)
	at com.chatapp.ChatApplication.main(ChatApplication.java:24)
	at java.base/jdk.internal.reflect.DirectMethodHandleAccessor.invoke(DirectMethodHandleAccessor.java:103)
	at java.base/java.lang.reflect.Method.invoke(Method.java:580)
	at org.springframework.boot.devtools.restart.RestartLauncher.run(RestartLauncher.java:50)
Caused by: java.lang.IllegalArgumentException: Heartbeat values configured but no TaskScheduler provided
	at org.springframework.util.Assert.isTrue(Assert.java:111)
	at org.springframework.messaging.simp.broker.SimpleBrokerMessageHandler.startInternal(SimpleBrokerMessageHandler.java:275)
	at org.springframework.messaging.simp.broker.AbstractBrokerMessageHandler.start(AbstractBrokerMessageHandler.java:227)
	at org.springframework.context.support.DefaultLifecycleProcessor.doStart(DefaultLifecycleProcessor.java:288)
	... 16 common frames omitted
2026-02-17 18:56:15.285 [background-preinit] INFO  o.h.validator.internal.util.Version - HV000001: Hibernate Validator 8.0.1.Final
2026-02-17 18:56:15.328 [restartedMain] INFO  com.chatapp.ChatApplication - Starting ChatApplication using Java 21.0.8 with PID 15252 (X:\springboot-chat\target\classes started by ashut in X:\springboot-chat)
2026-02-17 18:56:15.328 [restartedMain] DEBUG com.chatapp.ChatApplication - Running with Spring Boot v3.2.3, Spring v6.1.4
2026-02-17 18:56:15.329 [restartedMain] INFO  com.chatapp.ChatApplication - No active profile set, falling back to 1 default profile: "default"
2026-02-17 18:56:15.386 [restartedMain] INFO  o.s.b.d.e.DevToolsPropertyDefaultsPostProcessor - Devtools property defaults active! Set 'spring.devtools.add-properties' to 'false' to disable
2026-02-17 18:56:15.386 [restartedMain] INFO  o.s.b.d.e.DevToolsPropertyDefaultsPostProcessor - For additional web related logging consider setting the 'logging.level.web' property to 'DEBUG'
2026-02-17 18:56:16.597 [restartedMain] INFO  o.s.d.r.c.RepositoryConfigurationDelegate - Bootstrapping Spring Data JPA repositories in DEFAULT mode.
2026-02-17 18:56:16.649 [restartedMain] INFO  o.s.d.r.c.RepositoryConfigurationDelegate - Finished Spring Data repository scanning in 46 ms. Found 2 JPA repository interfaces.
2026-02-17 18:56:17.829 [restartedMain] INFO  o.s.b.w.e.tomcat.TomcatWebServer - Tomcat initialized with port 8080 (http)
2026-02-17 18:56:17.864 [restartedMain] INFO  o.a.coyote.http11.Http11NioProtocol - Initializing ProtocolHandler ["http-nio-8080"]
2026-02-17 18:56:17.868 [restartedMain] INFO  o.a.catalina.core.StandardService - Starting service [Tomcat]
2026-02-17 18:56:17.869 [restartedMain] INFO  o.a.catalina.core.StandardEngine - Starting Servlet engine: [Apache Tomcat/10.1.19]
2026-02-17 18:56:18.094 [restartedMain] INFO  o.apache.jasper.servlet.TldScanner - At least one JAR was scanned for TLDs yet contained no TLDs. Enable debug logging for this logger for a complete list of JARs that were scanned but no TLDs were found in them. Skipping unneeded JARs during scanning can improve startup time and JSP compilation time.
2026-02-17 18:56:18.101 [restartedMain] INFO  o.a.c.c.C.[Tomcat].[localhost].[/] - Initializing Spring embedded WebApplicationContext
2026-02-17 18:56:18.101 [restartedMain] INFO  o.s.b.w.s.c.ServletWebServerApplicationContext - Root WebApplicationContext: initialization completed in 2714 ms
2026-02-17 18:56:18.643 [restartedMain] INFO  o.h.jpa.internal.util.LogHelper - HHH000204: Processing PersistenceUnitInfo [name: default]
2026-02-17 18:56:18.705 [restartedMain] INFO  org.hibernate.Version - HHH000412: Hibernate ORM core version 6.4.4.Final
2026-02-17 18:56:18.737 [restartedMain] INFO  o.h.c.i.RegionFactoryInitiator - HHH000026: Second-level cache disabled
2026-02-17 18:56:19.018 [restartedMain] INFO  o.s.o.j.p.SpringPersistenceUnitInfo - No LoadTimeWeaver setup: ignoring JPA class transformer
2026-02-17 18:56:19.047 [restartedMain] INFO  com.zaxxer.hikari.HikariDataSource - ChatHikariPool - Starting...
2026-02-17 18:56:19.239 [restartedMain] INFO  com.zaxxer.hikari.pool.HikariPool - ChatHikariPool - Added connection com.mysql.cj.jdbc.ConnectionImpl@53493c49
2026-02-17 18:56:19.242 [restartedMain] INFO  com.zaxxer.hikari.HikariDataSource - ChatHikariPool - Start completed.
2026-02-17 18:56:19.295 [restartedMain] WARN  org.hibernate.orm.deprecation - HHH90000025: MySQL8Dialect does not need to be specified explicitly using 'hibernate.dialect' (remove the property setting and it will be selected by default)
2026-02-17 18:56:19.296 [restartedMain] WARN  org.hibernate.orm.deprecation - HHH90000026: MySQL8Dialect has been deprecated; use org.hibernate.dialect.MySQLDialect instead
2026-02-17 18:56:19.331 [restartedMain] DEBUG o.h.t.d.sql.spi.DdlTypeRegistry - addDescriptor(12, org.hibernate.type.descriptor.sql.internal.CapacityDependentDdlType@2c670f9) replaced previous registration(org.hibernate.type.descriptor.sql.internal.CapacityDependentDdlType@14b4dde1)
2026-02-17 18:56:19.332 [restartedMain] DEBUG o.h.t.d.sql.spi.DdlTypeRegistry - addDescriptor(-9, org.hibernate.type.descriptor.sql.internal.CapacityDependentDdlType@bc66f9d) replaced previous registration(org.hibernate.type.descriptor.sql.internal.CapacityDependentDdlType@32211d11)
2026-02-17 18:56:19.332 [restartedMain] DEBUG o.h.t.d.sql.spi.DdlTypeRegistry - addDescriptor(-3, org.hibernate.type.descriptor.sql.internal.CapacityDependentDdlType@3d1f214) replaced previous registration(org.hibernate.type.descriptor.sql.internal.CapacityDependentDdlType@31387c5a)
2026-02-17 18:56:19.332 [restartedMain] DEBUG o.h.t.d.sql.spi.DdlTypeRegistry - addDescriptor(4003, org.hibernate.type.descriptor.sql.internal.DdlTypeImpl@9ba5767) replaced previous registration(org.hibernate.type.descriptor.sql.internal.DdlTypeImpl@33c91ad4)
2026-02-17 18:56:19.333 [restartedMain] DEBUG o.h.t.d.sql.spi.DdlTypeRegistry - addDescriptor(4001, org.hibernate.type.descriptor.sql.internal.DdlTypeImpl@3f040feb) replaced previous registration(org.hibernate.type.descriptor.sql.internal.DdlTypeImpl@4dac6efd)
2026-02-17 18:56:19.333 [restartedMain] DEBUG o.h.t.d.sql.spi.DdlTypeRegistry - addDescriptor(4002, org.hibernate.type.descriptor.sql.internal.DdlTypeImpl@16f61940) replaced previous registration(org.hibernate.type.descriptor.sql.internal.DdlTypeImpl@6d92aef0)
2026-02-17 18:56:19.333 [restartedMain] DEBUG o.h.t.d.sql.spi.DdlTypeRegistry - addDescriptor(2004, org.hibernate.type.descriptor.sql.internal.CapacityDependentDdlType@72769ffe) replaced previous registration(org.hibernate.type.descriptor.sql.internal.DdlTypeImpl@5c03cccb)
2026-02-17 18:56:19.333 [restartedMain] DEBUG o.h.t.d.sql.spi.DdlTypeRegistry - addDescriptor(2005, org.hibernate.type.descriptor.sql.internal.CapacityDependentDdlType@7a19f212) replaced previous registration(org.hibernate.type.descriptor.sql.internal.DdlTypeImpl@284268f)
2026-02-17 18:56:19.334 [restartedMain] DEBUG o.h.t.d.sql.spi.DdlTypeRegistry - addDescriptor(2011, org.hibernate.type.descriptor.sql.internal.CapacityDependentDdlType@44cbd04e) replaced previous registration(org.hibernate.type.descriptor.sql.internal.DdlTypeImpl@66c2988)
2026-02-17 18:56:20.680 [restartedMain] INFO  o.h.e.t.j.p.i.JtaPlatformInitiator - HHH000489: No JTA platform available (set 'hibernate.transaction.jta.platform' to enable JTA platform integration)
2026-02-17 18:56:20.766 [restartedMain] INFO  o.s.o.j.LocalContainerEntityManagerFactoryBean - Initialized JPA EntityManagerFactory for persistence unit 'default'
2026-02-17 18:56:21.204 [restartedMain] INFO  o.s.d.j.r.query.QueryEnhancerFactory - Hibernate is in classpath; If applicable, HQL parser will be used.
2026-02-17 18:56:22.166 [restartedMain] INFO  com.chatapp.config.WebSocketConfig - WebSocket message broker configured. Broker: /topic, /queue | App prefix: /app
2026-02-17 18:56:22.459 [restartedMain] INFO  com.chatapp.config.WebSocketConfig - STOMP endpoint registered at /ws-chat with SockJS fallback
2026-02-17 18:56:22.482 [restartedMain] DEBUG o.s.w.s.s.s.WebSocketHandlerMapping - Patterns [/ws-chat/**] in 'stompWebSocketHandlerMapping'
2026-02-17 18:56:22.652 [restartedMain] INFO  com.chatapp.config.AppConfig - Upload directory already exists: X:\springboot-chat\uploads\images
2026-02-17 18:56:22.653 [restartedMain] INFO  com.chatapp.config.AppConfig - Resource handler configured: /uploads/** -> X:\springboot-chat\uploads\images
2026-02-17 18:56:22.842 [restartedMain] INFO  o.s.b.a.e.web.EndpointLinksResolver - Exposing 3 endpoint(s) beneath base path '/actuator'
2026-02-17 18:56:22.906 [restartedMain] INFO  com.chatapp.config.SecurityConfig - Security filter chain configured. All chat endpoints are public.
2026-02-17 18:56:22.958 [restartedMain] INFO  o.s.s.web.DefaultSecurityFilterChain - Will secure any request with [org.springframework.security.web.session.DisableEncodeUrlFilter@6a2fc97f, org.springframework.security.web.context.request.async.WebAsyncManagerIntegrationFilter@3be504d5, org.springframework.security.web.context.SecurityContextHolderFilter@40e51048, org.springframework.security.web.header.HeaderWriterFilter@7dd7731, org.springframework.web.filter.CorsFilter@16f6cfc, org.springframework.security.web.authentication.logout.LogoutFilter@6e50e1a0, org.springframework.security.web.authentication.www.BasicAuthenticationFilter@595d90ea, org.springframework.security.web.savedrequest.RequestCacheAwareFilter@51259848, org.springframework.security.web.servletapi.SecurityContextHolderAwareRequestFilter@68f09ef5, org.springframework.security.web.authentication.AnonymousAuthenticationFilter@5833d9cc, org.springframework.security.web.access.ExceptionTranslationFilter@1131dbf1, org.springframework.security.web.access.intercept.AuthorizationFilter@27150085]
2026-02-17 18:56:23.076 [restartedMain] DEBUG o.s.w.s.m.WebSocketAnnotationMethodMessageHandler - 
	c.c.c.ChatRestController:
	
2026-02-17 18:56:23.080 [restartedMain] DEBUG o.s.w.s.m.WebSocketAnnotationMethodMessageHandler - 
	c.c.c.ChatWebSocketController:
	{[MESSAGE],[/chat.sendGroupMessage]}: sendGroupMessage(SendMessageRequest,SimpMessageHeaderAccessor)
	{[MESSAGE],[/chat.join]}: userJoined(UserJoinRequest,SimpMessageHeaderAccessor)
	{[MESSAGE],[/chat.getPrivateHistory]}: getPrivateHistory(PrivateHistoryRequest)
	{[MESSAGE],[/chat.sendPrivateMessage]}: sendPrivateMessage(SendMessageRequest,SimpMessageHeaderAccessor)
2026-02-17 18:56:23.081 [restartedMain] DEBUG o.s.w.s.m.WebSocketAnnotationMethodMessageHandler - 
	c.c.c.ViewController:
	
2026-02-17 18:56:23.081 [restartedMain] DEBUG o.s.w.s.m.WebSocketAnnotationMethodMessageHandler - 
	o.s.b.a.w.s.e.BasicErrorController:
	
2026-02-17 18:56:23.515 [restartedMain] INFO  o.s.b.d.a.OptionalLiveReloadServer - LiveReload server is running on port 35729
2026-02-17 18:56:23.568 [restartedMain] INFO  o.a.coyote.http11.Http11NioProtocol - Starting ProtocolHandler ["http-nio-8080"]
2026-02-17 18:56:23.604 [restartedMain] INFO  o.s.b.w.e.tomcat.TomcatWebServer - Tomcat started on port 8080 (http) with context path ''
2026-02-17 18:56:23.606 [restartedMain] DEBUG o.s.m.s.ExecutorSubscribableChannel - clientOutboundChannel added SubProtocolWebSocketHandler[StompSubProtocolHandler[v10.stomp, v11.stomp, v12.stomp]]
2026-02-17 18:56:23.606 [restartedMain] DEBUG o.s.m.s.ExecutorSubscribableChannel - clientInboundChannel added WebSocketAnnotationMethodMessageHandler[prefixes=[/app/]]
2026-02-17 18:56:23.606 [restartedMain] INFO  o.s.m.s.b.SimpleBrokerMessageHandler - Starting...
2026-02-17 18:56:23.606 [restartedMain] DEBUG o.s.m.s.ExecutorSubscribableChannel - clientInboundChannel added SimpleBrokerMessageHandler [org.springframework.messaging.simp.broker.DefaultSubscriptionRegistry@24f3aaf9]
2026-02-17 18:56:23.607 [restartedMain] DEBUG o.s.m.s.ExecutorSubscribableChannel - brokerChannel added SimpleBrokerMessageHandler [org.springframework.messaging.simp.broker.DefaultSubscriptionRegistry@24f3aaf9]
2026-02-17 18:56:23.607 [restartedMain] INFO  o.s.m.s.b.SimpleBrokerMessageHandler - BrokerAvailabilityEvent[available=true, SimpleBrokerMessageHandler [org.springframework.messaging.simp.broker.DefaultSubscriptionRegistry@24f3aaf9]]
2026-02-17 18:56:23.609 [restartedMain] DEBUG o.s.m.s.ExecutorSubscribableChannel - clientOutboundChannel removed SubProtocolWebSocketHandler[StompSubProtocolHandler[v10.stomp, v11.stomp, v12.stomp]]
2026-02-17 18:56:23.609 [restartedMain] DEBUG o.s.m.s.ExecutorSubscribableChannel - clientInboundChannel removed WebSocketAnnotationMethodMessageHandler[prefixes=[/app/]]
2026-02-17 18:56:23.610 [restartedMain] INFO  o.a.coyote.http11.Http11NioProtocol - Stopping ProtocolHandler ["http-nio-8080"]
2026-02-17 18:56:23.617 [restartedMain] WARN  o.s.b.w.s.c.AnnotationConfigServletWebServerApplicationContext - Exception encountered during context initialization - cancelling refresh attempt: org.springframework.context.ApplicationContextException: Failed to start bean 'simpleBrokerMessageHandler'
2026-02-17 18:56:23.621 [restartedMain] INFO  o.s.o.j.LocalContainerEntityManagerFactoryBean - Closing JPA EntityManagerFactory for persistence unit 'default'
2026-02-17 18:56:23.624 [restartedMain] INFO  com.zaxxer.hikari.HikariDataSource - ChatHikariPool - Shutdown initiated...
2026-02-17 18:56:23.632 [restartedMain] INFO  com.zaxxer.hikari.HikariDataSource - ChatHikariPool - Shutdown completed.
2026-02-17 18:56:23.647 [restartedMain] INFO  o.s.b.a.l.ConditionEvaluationReportLogger - 

Error starting ApplicationContext. To display the condition evaluation report re-run your application with 'debug' enabled.
2026-02-17 18:56:23.665 [restartedMain] ERROR o.s.boot.SpringApplication - Application run failed
org.springframework.context.ApplicationContextException: Failed to start bean 'simpleBrokerMessageHandler'
	at org.springframework.context.support.DefaultLifecycleProcessor.doStart(DefaultLifecycleProcessor.java:291)
	at org.springframework.context.support.DefaultLifecycleProcessor$LifecycleGroup.start(DefaultLifecycleProcessor.java:471)
	at java.base/java.lang.Iterable.forEach(Iterable.java:75)
	at org.springframework.context.support.DefaultLifecycleProcessor.startBeans(DefaultLifecycleProcessor.java:260)
	at org.springframework.context.support.DefaultLifecycleProcessor.onRefresh(DefaultLifecycleProcessor.java:205)
	at org.springframework.context.support.AbstractApplicationContext.finishRefresh(AbstractApplicationContext.java:978)
	at org.springframework.context.support.AbstractApplicationContext.refresh(AbstractApplicationContext.java:627)
	at org.springframework.boot.web.servlet.context.ServletWebServerApplicationContext.refresh(ServletWebServerApplicationContext.java:146)
	at org.springframework.boot.SpringApplication.refresh(SpringApplication.java:754)
	at org.springframework.boot.SpringApplication.refreshContext(SpringApplication.java:456)
	at org.springframework.boot.SpringApplication.run(SpringApplication.java:334)
	at org.springframework.boot.SpringApplication.run(SpringApplication.java:1354)
	at org.springframework.boot.SpringApplication.run(SpringApplication.java:1343)
	at com.chatapp.ChatApplication.main(ChatApplication.java:24)
	at java.base/jdk.internal.reflect.DirectMethodHandleAccessor.invoke(DirectMethodHandleAccessor.java:103)
	at java.base/java.lang.reflect.Method.invoke(Method.java:580)
	at org.springframework.boot.devtools.restart.RestartLauncher.run(RestartLauncher.java:50)
Caused by: java.lang.IllegalArgumentException: Heartbeat values configured but no TaskScheduler provided
	at org.springframework.util.Assert.isTrue(Assert.java:111)
	at org.springframework.messaging.simp.broker.SimpleBrokerMessageHandler.startInternal(SimpleBrokerMessageHandler.java:275)
	at org.springframework.messaging.simp.broker.AbstractBrokerMessageHandler.start(AbstractBrokerMessageHandler.java:227)
	at org.springframework.context.support.DefaultLifecycleProcessor.doStart(DefaultLifecycleProcessor.java:288)
	... 16 common frames omitted
2026-02-17 18:58:03.054 [background-preinit] INFO  o.h.validator.internal.util.Version - HV000001: Hibernate Validator 8.0.1.Final
2026-02-17 18:58:03.121 [restartedMain] INFO  com.chatapp.ChatApplication - Starting ChatApplication using Java 21.0.8 with PID 12976 (X:\springboot-chat\target\classes started by ashut in X:\springboot-chat)
2026-02-17 18:58:03.122 [restartedMain] DEBUG com.chatapp.ChatApplication - Running with Spring Boot v3.2.3, Spring v6.1.4
2026-02-17 18:58:03.123 [restartedMain] INFO  com.chatapp.ChatApplication - No active profile set, falling back to 1 default profile: "default"
2026-02-17 18:58:03.183 [restartedMain] INFO  o.s.b.d.e.DevToolsPropertyDefaultsPostProcessor - Devtools property defaults active! Set 'spring.devtools.add-properties' to 'false' to disable
2026-02-17 18:58:03.183 [restartedMain] INFO  o.s.b.d.e.DevToolsPropertyDefaultsPostProcessor - For additional web related logging consider setting the 'logging.level.web' property to 'DEBUG'
2026-02-17 18:58:04.282 [restartedMain] INFO  o.s.d.r.c.RepositoryConfigurationDelegate - Bootstrapping Spring Data JPA repositories in DEFAULT mode.
2026-02-17 18:58:04.345 [restartedMain] INFO  o.s.d.r.c.RepositoryConfigurationDelegate - Finished Spring Data repository scanning in 57 ms. Found 2 JPA repository interfaces.
2026-02-17 18:58:05.317 [restartedMain] INFO  o.s.b.w.e.tomcat.TomcatWebServer - Tomcat initialized with port 8080 (http)
2026-02-17 18:58:05.336 [restartedMain] INFO  o.a.coyote.http11.Http11NioProtocol - Initializing ProtocolHandler ["http-nio-8080"]
2026-02-17 18:58:05.339 [restartedMain] INFO  o.a.catalina.core.StandardService - Starting service [Tomcat]
2026-02-17 18:58:05.339 [restartedMain] INFO  o.a.catalina.core.StandardEngine - Starting Servlet engine: [Apache Tomcat/10.1.19]
2026-02-17 18:58:05.538 [restartedMain] INFO  o.apache.jasper.servlet.TldScanner - At least one JAR was scanned for TLDs yet contained no TLDs. Enable debug logging for this logger for a complete list of JARs that were scanned but no TLDs were found in them. Skipping unneeded JARs during scanning can improve startup time and JSP compilation time.
2026-02-17 18:58:05.544 [restartedMain] INFO  o.a.c.c.C.[Tomcat].[localhost].[/] - Initializing Spring embedded WebApplicationContext
2026-02-17 18:58:05.544 [restartedMain] INFO  o.s.b.w.s.c.ServletWebServerApplicationContext - Root WebApplicationContext: initialization completed in 2360 ms
2026-02-17 18:58:05.961 [restartedMain] INFO  o.h.jpa.internal.util.LogHelper - HHH000204: Processing PersistenceUnitInfo [name: default]
2026-02-17 18:58:06.021 [restartedMain] INFO  org.hibernate.Version - HHH000412: Hibernate ORM core version 6.4.4.Final
2026-02-17 18:58:06.051 [restartedMain] INFO  o.h.c.i.RegionFactoryInitiator - HHH000026: Second-level cache disabled
2026-02-17 18:58:06.281 [restartedMain] INFO  o.s.o.j.p.SpringPersistenceUnitInfo - No LoadTimeWeaver setup: ignoring JPA class transformer
2026-02-17 18:58:06.341 [restartedMain] INFO  com.zaxxer.hikari.HikariDataSource - ChatHikariPool - Starting...
2026-02-17 18:58:06.628 [restartedMain] INFO  com.zaxxer.hikari.pool.HikariPool - ChatHikariPool - Added connection com.mysql.cj.jdbc.ConnectionImpl@621ff090
2026-02-17 18:58:06.631 [restartedMain] INFO  com.zaxxer.hikari.HikariDataSource - ChatHikariPool - Start completed.
2026-02-17 18:58:06.673 [restartedMain] WARN  org.hibernate.orm.deprecation - HHH90000025: MySQL8Dialect does not need to be specified explicitly using 'hibernate.dialect' (remove the property setting and it will be selected by default)
2026-02-17 18:58:06.674 [restartedMain] WARN  org.hibernate.orm.deprecation - HHH90000026: MySQL8Dialect has been deprecated; use org.hibernate.dialect.MySQLDialect instead
2026-02-17 18:58:06.695 [restartedMain] DEBUG o.h.t.d.sql.spi.DdlTypeRegistry - addDescriptor(12, org.hibernate.type.descriptor.sql.internal.CapacityDependentDdlType@49e03909) replaced previous registration(org.hibernate.type.descriptor.sql.internal.CapacityDependentDdlType@5955e0dd)
2026-02-17 18:58:06.695 [restartedMain] DEBUG o.h.t.d.sql.spi.DdlTypeRegistry - addDescriptor(-9, org.hibernate.type.descriptor.sql.internal.CapacityDependentDdlType@273401fd) replaced previous registration(org.hibernate.type.descriptor.sql.internal.CapacityDependentDdlType@3e4ae8ac)
2026-02-17 18:58:06.696 [restartedMain] DEBUG o.h.t.d.sql.spi.DdlTypeRegistry - addDescriptor(-3, org.hibernate.type.descriptor.sql.internal.CapacityDependentDdlType@762ab61d) replaced previous registration(org.hibernate.type.descriptor.sql.internal.CapacityDependentDdlType@8fe30d)
2026-02-17 18:58:06.696 [restartedMain] DEBUG o.h.t.d.sql.spi.DdlTypeRegistry - addDescriptor(4003, org.hibernate.type.descriptor.sql.internal.DdlTypeImpl@7b32108) replaced previous registration(org.hibernate.type.descriptor.sql.internal.DdlTypeImpl@6ed5b6da)
2026-02-17 18:58:06.696 [restartedMain] DEBUG o.h.t.d.sql.spi.DdlTypeRegistry - addDescriptor(4001, org.hibernate.type.descriptor.sql.internal.DdlTypeImpl@4d6c6f43) replaced previous registration(org.hibernate.type.descriptor.sql.internal.DdlTypeImpl@32046a68)
2026-02-17 18:58:06.696 [restartedMain] DEBUG o.h.t.d.sql.spi.DdlTypeRegistry - addDescriptor(4002, org.hibernate.type.descriptor.sql.internal.DdlTypeImpl@2ca1b641) replaced previous registration(org.hibernate.type.descriptor.sql.internal.DdlTypeImpl@6f81b669)
2026-02-17 18:58:06.696 [restartedMain] DEBUG o.h.t.d.sql.spi.DdlTypeRegistry - addDescriptor(2004, org.hibernate.type.descriptor.sql.internal.CapacityDependentDdlType@4139daad) replaced previous registration(org.hibernate.type.descriptor.sql.internal.DdlTypeImpl@507fbfc8)
2026-02-17 18:58:06.696 [restartedMain] DEBUG o.h.t.d.sql.spi.DdlTypeRegistry - addDescriptor(2005, org.hibernate.type.descriptor.sql.internal.CapacityDependentDdlType@714d0838) replaced previous registration(org.hibernate.type.descriptor.sql.internal.DdlTypeImpl@131dda86)
2026-02-17 18:58:06.696 [restartedMain] DEBUG o.h.t.d.sql.spi.DdlTypeRegistry - addDescriptor(2011, org.hibernate.type.descriptor.sql.internal.CapacityDependentDdlType@1cfe96fa) replaced previous registration(org.hibernate.type.descriptor.sql.internal.DdlTypeImpl@3152fb52)
2026-02-17 18:58:07.887 [restartedMain] INFO  o.h.e.t.j.p.i.JtaPlatformInitiator - HHH000489: No JTA platform available (set 'hibernate.transaction.jta.platform' to enable JTA platform integration)
2026-02-17 18:58:08.022 [restartedMain] INFO  o.s.o.j.LocalContainerEntityManagerFactoryBean - Initialized JPA EntityManagerFactory for persistence unit 'default'
2026-02-17 18:58:08.427 [restartedMain] INFO  o.s.d.j.r.query.QueryEnhancerFactory - Hibernate is in classpath; If applicable, HQL parser will be used.
2026-02-17 18:58:09.098 [restartedMain] INFO  com.chatapp.config.WebSocketConfig - WebSocket TaskScheduler initialized
2026-02-17 18:58:09.104 [restartedMain] INFO  com.chatapp.config.WebSocketConfig - WebSocket broker configured: /topic, /queue | app prefix: /app
2026-02-17 18:58:09.401 [restartedMain] INFO  com.chatapp.config.WebSocketConfig - STOMP endpoint registered at /ws-chat with SockJS fallback
2026-02-17 18:58:09.450 [restartedMain] DEBUG o.s.w.s.s.s.WebSocketHandlerMapping - Patterns [/ws-chat/**] in 'stompWebSocketHandlerMapping'
2026-02-17 18:58:09.651 [restartedMain] INFO  com.chatapp.config.AppConfig - Upload directory already exists: X:\springboot-chat\uploads\images
2026-02-17 18:58:09.651 [restartedMain] INFO  com.chatapp.config.AppConfig - Resource handler configured: /uploads/** -> X:\springboot-chat\uploads\images
2026-02-17 18:58:09.874 [restartedMain] INFO  o.s.b.a.e.web.EndpointLinksResolver - Exposing 3 endpoint(s) beneath base path '/actuator'
2026-02-17 18:58:09.923 [restartedMain] INFO  com.chatapp.config.SecurityConfig - Security filter chain configured. All chat endpoints are public.
2026-02-17 18:58:09.974 [restartedMain] INFO  o.s.s.web.DefaultSecurityFilterChain - Will secure any request with [org.springframework.security.web.session.DisableEncodeUrlFilter@47e4a241, org.springframework.security.web.context.request.async.WebAsyncManagerIntegrationFilter@68ddee24, org.springframework.security.web.context.SecurityContextHolderFilter@5ac89d96, org.springframework.security.web.header.HeaderWriterFilter@b46a37c, org.springframework.web.filter.CorsFilter@257db737, org.springframework.security.web.authentication.logout.LogoutFilter@feada19, org.springframework.security.web.authentication.www.BasicAuthenticationFilter@e49255f, org.springframework.security.web.savedrequest.RequestCacheAwareFilter@59f8fd10, org.springframework.security.web.servletapi.SecurityContextHolderAwareRequestFilter@38272869, org.springframework.security.web.authentication.AnonymousAuthenticationFilter@58a3cccd, org.springframework.security.web.access.ExceptionTranslationFilter@7ebe39a2, org.springframework.security.web.access.intercept.AuthorizationFilter@3f935bc4]
2026-02-17 18:58:10.055 [restartedMain] DEBUG o.s.w.s.m.WebSocketAnnotationMethodMessageHandler - 
	c.c.c.ChatRestController:
	
2026-02-17 18:58:10.059 [restartedMain] DEBUG o.s.w.s.m.WebSocketAnnotationMethodMessageHandler - 
	c.c.c.ChatWebSocketController:
	{[MESSAGE],[/chat.join]}: userJoined(UserJoinRequest,SimpMessageHeaderAccessor)
	{[MESSAGE],[/chat.sendPrivateMessage]}: sendPrivateMessage(SendMessageRequest,SimpMessageHeaderAccessor)
	{[MESSAGE],[/chat.getPrivateHistory]}: getPrivateHistory(PrivateHistoryRequest)
	{[MESSAGE],[/chat.sendGroupMessage]}: sendGroupMessage(SendMessageRequest,SimpMessageHeaderAccessor)
2026-02-17 18:58:10.060 [restartedMain] DEBUG o.s.w.s.m.WebSocketAnnotationMethodMessageHandler - 
	c.c.c.ViewController:
	
2026-02-17 18:58:10.060 [restartedMain] DEBUG o.s.w.s.m.WebSocketAnnotationMethodMessageHandler - 
	o.s.b.a.w.s.e.BasicErrorController:
	
2026-02-17 18:58:10.442 [restartedMain] INFO  o.s.b.d.a.OptionalLiveReloadServer - LiveReload server is running on port 35729
2026-02-17 18:58:10.498 [restartedMain] INFO  o.a.coyote.http11.Http11NioProtocol - Starting ProtocolHandler ["http-nio-8080"]
2026-02-17 18:58:10.566 [restartedMain] INFO  o.s.b.w.e.tomcat.TomcatWebServer - Tomcat started on port 8080 (http) with context path ''
2026-02-17 18:58:10.568 [restartedMain] DEBUG o.s.m.s.ExecutorSubscribableChannel - clientOutboundChannel added SubProtocolWebSocketHandler[StompSubProtocolHandler[v10.stomp, v11.stomp, v12.stomp]]
2026-02-17 18:58:10.569 [restartedMain] DEBUG o.s.m.s.ExecutorSubscribableChannel - clientInboundChannel added WebSocketAnnotationMethodMessageHandler[prefixes=[/app/]]
2026-02-17 18:58:10.569 [restartedMain] INFO  o.s.m.s.b.SimpleBrokerMessageHandler - Starting...
2026-02-17 18:58:10.569 [restartedMain] DEBUG o.s.m.s.ExecutorSubscribableChannel - clientInboundChannel added SimpleBrokerMessageHandler [org.springframework.messaging.simp.broker.DefaultSubscriptionRegistry@45879e6e]
2026-02-17 18:58:10.569 [restartedMain] DEBUG o.s.m.s.ExecutorSubscribableChannel - brokerChannel added SimpleBrokerMessageHandler [org.springframework.messaging.simp.broker.DefaultSubscriptionRegistry@45879e6e]
2026-02-17 18:58:10.570 [restartedMain] INFO  o.s.m.s.b.SimpleBrokerMessageHandler - BrokerAvailabilityEvent[available=true, SimpleBrokerMessageHandler [org.springframework.messaging.simp.broker.DefaultSubscriptionRegistry@45879e6e]]
2026-02-17 18:58:10.583 [restartedMain] INFO  o.s.m.s.b.SimpleBrokerMessageHandler - Started.
2026-02-17 18:58:10.584 [restartedMain] DEBUG o.s.m.s.ExecutorSubscribableChannel - clientInboundChannel added UserDestinationMessageHandler[DefaultUserDestinationResolver[prefix=/user/]]
2026-02-17 18:58:10.584 [restartedMain] DEBUG o.s.m.s.ExecutorSubscribableChannel - brokerChannel added UserDestinationMessageHandler[DefaultUserDestinationResolver[prefix=/user/]]
2026-02-17 18:58:10.599 [restartedMain] INFO  com.chatapp.ChatApplication - Started ChatApplication in 8.312 seconds (process running for 8.914)
2026-02-17 18:58:10.844 [restartedMain] INFO  com.chatapp.ChatApplication - ============================================================
2026-02-17 18:58:10.844 [restartedMain] INFO  com.chatapp.ChatApplication -   RealTime Chat Application started successfully!
2026-02-17 18:58:10.844 [restartedMain] INFO  com.chatapp.ChatApplication -   Access URL: http://localhost:8080
2026-02-17 18:58:10.844 [restartedMain] INFO  com.chatapp.ChatApplication -   Chat Room:  http://localhost:8080/chat
2026-02-17 18:58:10.844 [restartedMain] INFO  com.chatapp.ChatApplication - ============================================================
2026-02-17 18:58:21.704 [http-nio-8080-exec-1] INFO  o.a.c.c.C.[Tomcat].[localhost].[/] - Initializing Spring DispatcherServlet 'dispatcherServlet'
2026-02-17 18:58:21.705 [http-nio-8080-exec-1] INFO  o.s.web.servlet.DispatcherServlet - Initializing Servlet 'dispatcherServlet'
2026-02-17 18:58:21.708 [http-nio-8080-exec-1] INFO  o.s.web.servlet.DispatcherServlet - Completed initialization in 3 ms
2026-02-17 18:59:10.480 [MessageBroker-1] INFO  o.s.w.s.c.WebSocketMessageBrokerStats - WebSocketSession[0 current WS(0)-HttpStream(0)-HttpPoll(0), 0 total, 0 closed abnormally (0 connect failure, 0 send limit, 0 transport error)], stompSubProtocol[processed CONNECT(0)-CONNECTED(0)-DISCONNECT(0)], stompBrokerRelay[null], inboundChannel[pool size = 0, active threads = 0, queued tasks = 0, completed tasks = 0], outboundChannel[pool size = 0, active threads = 0, queued tasks = 0, completed tasks = 0], sockJsScheduler[pool size = 1, active threads = 1, queued tasks = 0, completed tasks = 0]
2026-02-17 19:02:46.969 [SpringApplicationShutdownHook] DEBUG o.s.m.s.ExecutorSubscribableChannel - clientOutboundChannel removed SubProtocolWebSocketHandler[StompSubProtocolHandler[v10.stomp, v11.stomp, v12.stomp]]
2026-02-17 19:02:46.970 [SpringApplicationShutdownHook] DEBUG o.s.m.s.ExecutorSubscribableChannel - clientInboundChannel removed WebSocketAnnotationMethodMessageHandler[prefixes=[/app/]]
2026-02-17 19:02:46.970 [SpringApplicationShutdownHook] INFO  o.s.m.s.b.SimpleBrokerMessageHandler - Stopping...
2026-02-17 19:02:46.970 [SpringApplicationShutdownHook] INFO  o.s.m.s.b.SimpleBrokerMessageHandler - BrokerAvailabilityEvent[available=false, SimpleBrokerMessageHandler [org.springframework.messaging.simp.broker.DefaultSubscriptionRegistry@45879e6e]]
2026-02-17 19:02:46.970 [SpringApplicationShutdownHook] DEBUG o.s.m.s.ExecutorSubscribableChannel - clientInboundChannel removed SimpleBrokerMessageHandler [org.springframework.messaging.simp.broker.DefaultSubscriptionRegistry@45879e6e]
2026-02-17 19:02:46.970 [SpringApplicationShutdownHook] DEBUG o.s.m.s.ExecutorSubscribableChannel - brokerChannel removed SimpleBrokerMessageHandler [org.springframework.messaging.simp.broker.DefaultSubscriptionRegistry@45879e6e]
2026-02-17 19:02:46.970 [SpringApplicationShutdownHook] INFO  o.s.m.s.b.SimpleBrokerMessageHandler - Stopped.
2026-02-17 19:02:46.971 [SpringApplicationShutdownHook] DEBUG o.s.m.s.ExecutorSubscribableChannel - clientInboundChannel removed UserDestinationMessageHandler[DefaultUserDestinationResolver[prefix=/user/]]
2026-02-17 19:02:46.971 [SpringApplicationShutdownHook] DEBUG o.s.m.s.ExecutorSubscribableChannel - brokerChannel removed UserDestinationMessageHandler[DefaultUserDestinationResolver[prefix=/user/]]
2026-02-17 19:02:46.985 [SpringApplicationShutdownHook] INFO  o.s.o.j.LocalContainerEntityManagerFactoryBean - Closing JPA EntityManagerFactory for persistence unit 'default'
2026-02-17 19:02:46.991 [SpringApplicationShutdownHook] INFO  com.zaxxer.hikari.HikariDataSource - ChatHikariPool - Shutdown initiated...
2026-02-17 19:02:47.000 [SpringApplicationShutdownHook] INFO  com.zaxxer.hikari.HikariDataSource - ChatHikariPool - Shutdown completed.
